0.000949859619140625
5.340576171875e-5
0.0006303787231445312
0.000102996826171875
0.0007429122924804688
0.00022792816162109375
1.430511474609375e-5
0.00037288665771484375
0.00011444091796875
0.00013065338134765625
8.58306884765625e-5
0.0004024505615234375
0.000308990478515625
0.00027942657470703125
0.000873565673828125
0.00028514862060546875
0.0001068115234375
0.00032329559326171875
0.00051116943359375
0.0005207061767578125
6.4849853515625e-5
0.0003757476806640625
0.0004634857177734375
0.0014543533325195312
0.0005655288696289062
8.678436279296875e-5
9.918212890625e-5
0.00027942657470703125
0.0015659332275390625
0.000408172607421875
0.00027561187744140625
0.0002765655517578125
5.626678466796875e-5
6.580352783203125e-5
0.0002899169921875
0.0001544952392578125
4.673004150390625e-5
0.0002231597900390625
0.00014209747314453125
0.00028133392333984375
0.0005388259887695312
0.00036907196044921875
0.00010585784912109375
0.0006113052368164062
0.0001850128173828125
0.0005235671997070312
0.00026702880859375
0.000270843505859375
0.00038909912109375
0.00101470947265625
0.000152587890625
0.00010585784912109375
0.00023746490478515625
0.0009126663208007812
0.0005273818969726562
0.00021839141845703125
0.0002384185791015625
0.00099945068359375
3.814697265625e-5
0.0001811981201171875
0.0006875991821289062
0.00040912628173828125
0.00034999847412109375
0.0001983642578125
0.0001087188720703125
0.0001583099365234375

